

Version:	3.50
CmdLine:	C:\Users\carlos.gamuci\Documents\Afirma\Repositorios_GitHub\clienteafirma\afirma-simple-installer\Autofirma32\Autofirma.exe --l4j-debug
JNI:		No
WOW64:		Yes
Working dir:	C:\Users\carlos.gamuci\Documents\Afirma\Repositorios_GitHub\clienteafirma\afirma-simple-installer\Autofirma32\.
Requires JDK:	No
Requires 64-Bit: No
Java min ver:	1.008.000
Java max ver:	
Substitute:	JAVA_HOME = C:\Program Files\Java\jdk8u412-b08
Substitute:	PATH = C:\Program Files\Apache\apache-maven-3.9.6\bin;C:\Program Files\TortoiseSVN\bin;C:\Program Files (x86)\GnuPG\bin;C:\Program Files\Wix;C:\Windows\System32;C:\Program Files (x86)\Microsoft SQL Server\160\DTS\Binn\;C:\Program Files (x86)\Intel\Intel(R) Management Engine Components\DAL;C:\Program Files\Intel\Intel(R) Management Engine Components\DAL;C:\Program Files\Java\jre1.8.0_361\bin;c:\Program Files\Microsoft SQL Server\Client SDK\ODBC\130\Tools\Binn\;c:\Program Files\Microsoft SQL Server\140\DTS\Binn\;C:\Program Files\dotnet\;C:\Program Files\TortoiseGit\bin;C:\Program Files\Autofirma\Autofirma;C:\Users\carlos.gamuci\AppData\Local\Microsoft\WindowsApps;C:\Program Files\Java\jdk8u412-b08\bin
JRE paths:	.\jre;C:\Program Files\Java\jdk8u412-b08;C:\Program Files\Apache\apache-maven-3.9.6\bin;C:\Program Files\TortoiseSVN\bin;C:\Program Files (x86)\GnuPG\bin;C:\Program Files\Wix;C:\Windows\System32;C:\Program Files (x86)\Microsoft SQL Server\160\DTS\Binn\;C:\Program Files (x86)\Intel\Intel(R) Management Engine Components\DAL;C:\Program Files\Intel\Intel(R) Management Engine Components\DAL;C:\Program Files\Java\jre1.8.0_361\bin;c:\Program Files\Microsoft SQL Server\Client SDK\ODBC\130\Tools\Binn\;c:\Program Files\Microsoft SQL Server\140\DTS\Binn\;C:\Program Files\dotnet\;C:\Program Files\TortoiseGit\bin;C:\Program Files\Autofirma\Autofirma;C:\Users\carlos.gamuci\AppData\Local\Microsoft\WindowsApps;C:\Program Files\Java\jdk8u412-b08\bin
Check launcher:	C:\Users\carlos.gamuci\Documents\Afirma\Repositorios_GitHub\clienteafirma\afirma-simple-installer\Autofirma32\.\jre\bin\javaw.exe (not found)
Check launcher:	C:\Program Files\Java\jdk8u412-b08\bin\javaw.exe (OK)
Version string: 1.008.000_412 / 64-Bit (OK)
Heap -Xms:	Requested 512 MB / 0%, Available: 5225 MB, Heap size: 512 MB
Heap -Xmx:	Requested 1536 MB / 0%, Available: 5225 MB, Heap size: 1536 MB
Launcher:	C:\Program Files\Java\jdk8u412-b08\bin\javaw.exe
Launcher args:	-Xms512m -Xmx1536m -Xms256m -Xmx1g -Djdk.tls.maxHandshakeMessageSize=65536 -jar "C:\Users\carlos.gamuci\Documents\Afirma\Repositorios_GitHub\clienteafirma\afirma-simple-installer\Autofirma32\Autofirma.exe"
Args length:	205/32768 chars
Exit code:	259


Version:	3.50
CmdLine:	C:\Users\carlos.gamuci\Documents\Afirma\Repositorios_GitHub\clienteafirma\afirma-simple-installer\Autofirma32\Autofirma.exe --l4j-debug
JNI:		No
WOW64:		Yes
Working dir:	C:\Users\carlos.gamuci\Documents\Afirma\Repositorios_GitHub\clienteafirma\afirma-simple-installer\Autofirma32\.
Requires JDK:	No
Requires 64-Bit: No
Java min ver:	1.008.000
Java max ver:	
Substitute:	JAVA_HOME = C:\Program Files\Java\jdk8u412-b08
Substitute:	PATH = C:\Program Files\Apache\apache-maven-3.9.6\bin;C:\Program Files\TortoiseSVN\bin;C:\Program Files (x86)\GnuPG\bin;C:\Program Files\Wix;C:\Windows\System32;C:\Program Files (x86)\Microsoft SQL Server\160\DTS\Binn\;C:\Program Files (x86)\Intel\Intel(R) Management Engine Components\DAL;C:\Program Files\Intel\Intel(R) Management Engine Components\DAL;C:\Program Files\Java\jre1.8.0_361\bin;c:\Program Files\Microsoft SQL Server\Client SDK\ODBC\130\Tools\Binn\;c:\Program Files\Microsoft SQL Server\140\DTS\Binn\;C:\Program Files\dotnet\;C:\Program Files\TortoiseGit\bin;C:\Program Files\Autofirma\Autofirma;C:\Users\carlos.gamuci\AppData\Local\Microsoft\WindowsApps;C:\Program Files\Java\jdk8u412-b08\bin
JRE paths:	.\jre;C:\Program Files\Java\jdk8u412-b08;C:\Program Files\Apache\apache-maven-3.9.6\bin;C:\Program Files\TortoiseSVN\bin;C:\Program Files (x86)\GnuPG\bin;C:\Program Files\Wix;C:\Windows\System32;C:\Program Files (x86)\Microsoft SQL Server\160\DTS\Binn\;C:\Program Files (x86)\Intel\Intel(R) Management Engine Components\DAL;C:\Program Files\Intel\Intel(R) Management Engine Components\DAL;C:\Program Files\Java\jre1.8.0_361\bin;c:\Program Files\Microsoft SQL Server\Client SDK\ODBC\130\Tools\Binn\;c:\Program Files\Microsoft SQL Server\140\DTS\Binn\;C:\Program Files\dotnet\;C:\Program Files\TortoiseGit\bin;C:\Program Files\Autofirma\Autofirma;C:\Users\carlos.gamuci\AppData\Local\Microsoft\WindowsApps;C:\Program Files\Java\jdk8u412-b08\bin
Check launcher:	C:\Users\carlos.gamuci\Documents\Afirma\Repositorios_GitHub\clienteafirma\afirma-simple-installer\Autofirma32\.\jre\bin\javaw.exe (not found)
Check launcher:	C:\Program Files\Java\jdk8u412-b08\bin\javaw.exe (OK)
Version string: 1.008.000_412 / 64-Bit (OK)
Heap -Xms:	Requested 512 MB / 0%, Available: 5253 MB, Heap size: 512 MB
Heap -Xmx:	Requested 1536 MB / 0%, Available: 5253 MB, Heap size: 1536 MB
Launcher:	C:\Program Files\Java\jdk8u412-b08\bin\javaw.exe
Launcher args:	-Xms512m -Xmx1536m -Xms256m -Xmx1g -Djdk.tls.maxHandshakeMessageSize=65536 -jar "C:\Users\carlos.gamuci\Documents\Afirma\Repositorios_GitHub\clienteafirma\afirma-simple-installer\Autofirma32\Autofirma.exe"
Args length:	205/32768 chars
Exit code:	259


Version:	3.50
CmdLine:	C:\Users\carlos.gamuci\Documents\Afirma\Repositorios_GitHub\clienteafirma\afirma-simple-installer\Autofirma32\Autofirma_splash.exe --l4j-debug
JNI:		No
WOW64:		Yes
Working dir:	C:\Users\carlos.gamuci\Documents\Afirma\Repositorios_GitHub\clienteafirma\afirma-simple-installer\Autofirma32\.
Requires JDK:	No
Requires 64-Bit: No
Java min ver:	1.008.000
Java max ver:	
Substitute:	JAVA_HOME = C:\Program Files\Java\jdk8u412-b08
Substitute:	PATH = C:\Program Files\Apache\apache-maven-3.9.6\bin;C:\Program Files\TortoiseSVN\bin;C:\Program Files (x86)\GnuPG\bin;C:\Program Files\Wix;C:\Windows\System32;C:\Program Files (x86)\Microsoft SQL Server\160\DTS\Binn\;C:\Program Files (x86)\Intel\Intel(R) Management Engine Components\DAL;C:\Program Files\Intel\Intel(R) Management Engine Components\DAL;C:\Program Files\Java\jre1.8.0_361\bin;c:\Program Files\Microsoft SQL Server\Client SDK\ODBC\130\Tools\Binn\;c:\Program Files\Microsoft SQL Server\140\DTS\Binn\;C:\Program Files\dotnet\;C:\Program Files\TortoiseGit\bin;C:\Program Files\Autofirma\Autofirma;C:\Users\carlos.gamuci\AppData\Local\Microsoft\WindowsApps;C:\Program Files\Java\jdk8u412-b08\bin
JRE paths:	.\jre;C:\Program Files\Java\jdk8u412-b08;C:\Program Files\Apache\apache-maven-3.9.6\bin;C:\Program Files\TortoiseSVN\bin;C:\Program Files (x86)\GnuPG\bin;C:\Program Files\Wix;C:\Windows\System32;C:\Program Files (x86)\Microsoft SQL Server\160\DTS\Binn\;C:\Program Files (x86)\Intel\Intel(R) Management Engine Components\DAL;C:\Program Files\Intel\Intel(R) Management Engine Components\DAL;C:\Program Files\Java\jre1.8.0_361\bin;c:\Program Files\Microsoft SQL Server\Client SDK\ODBC\130\Tools\Binn\;c:\Program Files\Microsoft SQL Server\140\DTS\Binn\;C:\Program Files\dotnet\;C:\Program Files\TortoiseGit\bin;C:\Program Files\Autofirma\Autofirma;C:\Users\carlos.gamuci\AppData\Local\Microsoft\WindowsApps;C:\Program Files\Java\jdk8u412-b08\bin
Check launcher:	C:\Users\carlos.gamuci\Documents\Afirma\Repositorios_GitHub\clienteafirma\afirma-simple-installer\Autofirma32\.\jre\bin\javaw.exe (not found)
Check launcher:	C:\Program Files\Java\jdk8u412-b08\bin\javaw.exe (OK)
Version string: 1.008.000_412 / 64-Bit (OK)
Heap -Xms:	Requested 512 MB / 0%, Available: 4751 MB, Heap size: 512 MB
Heap -Xmx:	Requested 1536 MB / 0%, Available: 4751 MB, Heap size: 1536 MB
Launcher:	C:\Program Files\Java\jdk8u412-b08\bin\javaw.exe
Launcher args:	-Xms512m -Xmx1536m -Xms256m -Xmx1g -Djdk.tls.maxHandshakeMessageSize=65536 -jar "C:\Users\carlos.gamuci\Documents\Afirma\Repositorios_GitHub\clienteafirma\afirma-simple-installer\Autofirma32\Autofirma_splash.exe"
Args length:	212/32768 chars
Exit code:	259


Version:	3.50
CmdLine:	C:\Users\carlos.gamuci\Documents\Afirma\Repositorios_GitHub\clienteafirma\afirma-simple-installer\Autofirma32\Autofirma.exe --l4j-debug
JNI:		No
WOW64:		Yes
Working dir:	C:\Users\carlos.gamuci\Documents\Afirma\Repositorios_GitHub\clienteafirma\afirma-simple-installer\Autofirma32\.
Requires JDK:	No
Requires 64-Bit: No
Java min ver:	1.008.000
Java max ver:	
Substitute:	JAVA_HOME = C:\Program Files\Java\jdk8u412-b08
Substitute:	PATH = C:\Program Files\Apache\apache-maven-3.9.6\bin;C:\Program Files\TortoiseSVN\bin;C:\Program Files (x86)\GnuPG\bin;C:\Program Files\Wix;C:\Windows\System32;C:\Program Files (x86)\Microsoft SQL Server\160\DTS\Binn\;C:\Program Files (x86)\Intel\Intel(R) Management Engine Components\DAL;C:\Program Files\Intel\Intel(R) Management Engine Components\DAL;C:\Program Files\Java\jre1.8.0_361\bin;c:\Program Files\Microsoft SQL Server\Client SDK\ODBC\130\Tools\Binn\;c:\Program Files\Microsoft SQL Server\140\DTS\Binn\;C:\Program Files\dotnet\;C:\Program Files\TortoiseGit\bin;C:\Program Files\Autofirma\Autofirma;C:\Users\carlos.gamuci\AppData\Local\Microsoft\WindowsApps;C:\Program Files\Java\jdk8u412-b08\bin
JRE paths:	.\jre;C:\Program Files\Java\jdk8u412-b08;C:\Program Files\Apache\apache-maven-3.9.6\bin;C:\Program Files\TortoiseSVN\bin;C:\Program Files (x86)\GnuPG\bin;C:\Program Files\Wix;C:\Windows\System32;C:\Program Files (x86)\Microsoft SQL Server\160\DTS\Binn\;C:\Program Files (x86)\Intel\Intel(R) Management Engine Components\DAL;C:\Program Files\Intel\Intel(R) Management Engine Components\DAL;C:\Program Files\Java\jre1.8.0_361\bin;c:\Program Files\Microsoft SQL Server\Client SDK\ODBC\130\Tools\Binn\;c:\Program Files\Microsoft SQL Server\140\DTS\Binn\;C:\Program Files\dotnet\;C:\Program Files\TortoiseGit\bin;C:\Program Files\Autofirma\Autofirma;C:\Users\carlos.gamuci\AppData\Local\Microsoft\WindowsApps;C:\Program Files\Java\jdk8u412-b08\bin
Check launcher:	C:\Users\carlos.gamuci\Documents\Afirma\Repositorios_GitHub\clienteafirma\afirma-simple-installer\Autofirma32\.\jre\bin\javaw.exe (not found)
Check launcher:	C:\Program Files\Java\jdk8u412-b08\bin\javaw.exe (OK)
Version string: 1.008.000_412 / 64-Bit (OK)
Heap -Xms:	Requested 512 MB / 0%, Available: 4258 MB, Heap size: 512 MB
Heap -Xmx:	Requested 1536 MB / 0%, Available: 4258 MB, Heap size: 1536 MB
Launcher:	C:\Program Files\Java\jdk8u412-b08\bin\javaw.exe
Launcher args:	-Xms512m -Xmx1536m -Xms256m -Xmx1g -Djdk.tls.maxHandshakeMessageSize=65536 -jar "C:\Users\carlos.gamuci\Documents\Afirma\Repositorios_GitHub\clienteafirma\afirma-simple-installer\Autofirma32\Autofirma.exe"
Args length:	205/32768 chars
Error msg:	Ocurrió un error mientras arrancaba la aplicación.


Version:	3.50
CmdLine:	C:\Users\carlos.gamuci\Documents\Afirma\Repositorios_GitHub\clienteafirma\afirma-simple-installer\Autofirma32\Autofirma.exe --l4j-debug
JNI:		No
WOW64:		Yes
Working dir:	C:\Users\carlos.gamuci\Documents\Afirma\Repositorios_GitHub\clienteafirma\afirma-simple-installer\Autofirma32\.
Requires JDK:	No
Requires 64-Bit: No
Java min ver:	1.008.000
Java max ver:	
Substitute:	JAVA_HOME = C:\Program Files\Java\jdk8u412-b08
Substitute:	PATH = C:\Program Files\Apache\apache-maven-3.9.6\bin;C:\Program Files\TortoiseSVN\bin;C:\Program Files (x86)\GnuPG\bin;C:\Program Files\Wix;C:\Windows\System32;C:\Program Files (x86)\Microsoft SQL Server\160\DTS\Binn\;C:\Program Files (x86)\Intel\Intel(R) Management Engine Components\DAL;C:\Program Files\Intel\Intel(R) Management Engine Components\DAL;C:\Program Files\Java\jre1.8.0_361\bin;c:\Program Files\Microsoft SQL Server\Client SDK\ODBC\130\Tools\Binn\;c:\Program Files\Microsoft SQL Server\140\DTS\Binn\;C:\Program Files\dotnet\;C:\Program Files\TortoiseGit\bin;C:\Program Files\Autofirma\Autofirma;C:\Users\carlos.gamuci\AppData\Local\Microsoft\WindowsApps;C:\Program Files\Java\jdk8u412-b08\bin
JRE paths:	.\jre;C:\Program Files\Java\jdk8u412-b08;C:\Program Files\Apache\apache-maven-3.9.6\bin;C:\Program Files\TortoiseSVN\bin;C:\Program Files (x86)\GnuPG\bin;C:\Program Files\Wix;C:\Windows\System32;C:\Program Files (x86)\Microsoft SQL Server\160\DTS\Binn\;C:\Program Files (x86)\Intel\Intel(R) Management Engine Components\DAL;C:\Program Files\Intel\Intel(R) Management Engine Components\DAL;C:\Program Files\Java\jre1.8.0_361\bin;c:\Program Files\Microsoft SQL Server\Client SDK\ODBC\130\Tools\Binn\;c:\Program Files\Microsoft SQL Server\140\DTS\Binn\;C:\Program Files\dotnet\;C:\Program Files\TortoiseGit\bin;C:\Program Files\Autofirma\Autofirma;C:\Users\carlos.gamuci\AppData\Local\Microsoft\WindowsApps;C:\Program Files\Java\jdk8u412-b08\bin
Check launcher:	C:\Users\carlos.gamuci\Documents\Afirma\Repositorios_GitHub\clienteafirma\afirma-simple-installer\Autofirma32\.\jre\bin\javaw.exe (not found)
Check launcher:	C:\Program Files\Java\jdk8u412-b08\bin\javaw.exe (OK)
Version string: 1.008.000_412 / 64-Bit (OK)
Heap -Xms:	Requested 512 MB / 0%, Available: 3765 MB, Heap size: 512 MB
Heap -Xmx:	Requested 1536 MB / 0%, Available: 3765 MB, Heap size: 1536 MB
Launcher:	C:\Program Files\Java\jdk8u412-b08\bin\javaw.exe
Launcher args:	-Xms512m -Xmx1536m -Xms256m -Xmx1g -Djdk.tls.maxHandshakeMessageSize=65536 -jar "C:\Users\carlos.gamuci\Documents\Afirma\Repositorios_GitHub\clienteafirma\afirma-simple-installer\Autofirma32\Autofirma.exe"
Args length:	205/32768 chars
Exit code:	259


Version:	3.50
CmdLine:	C:\Users\carlos.gamuci\Documents\Afirma\Repositorios_GitHub\clienteafirma\afirma-simple-installer\Autofirma32\Autofirma.exe --l4j-debug
JNI:		No
WOW64:		Yes
Working dir:	C:\Users\carlos.gamuci\Documents\Afirma\Repositorios_GitHub\clienteafirma\afirma-simple-installer\Autofirma32\.
Requires JDK:	No
Requires 64-Bit: No
Java min ver:	1.008.000
Java max ver:	
Substitute:	JAVA_HOME = C:\Program Files\Java\jdk8u412-b08
Substitute:	PATH = C:\Program Files\Apache\apache-maven-3.9.6\bin;C:\Program Files\TortoiseSVN\bin;C:\Program Files (x86)\GnuPG\bin;C:\Program Files\Wix;C:\Windows\System32;C:\Program Files (x86)\Microsoft SQL Server\160\DTS\Binn\;C:\Program Files (x86)\Intel\Intel(R) Management Engine Components\DAL;C:\Program Files\Intel\Intel(R) Management Engine Components\DAL;C:\Program Files\Java\jre1.8.0_361\bin;c:\Program Files\Microsoft SQL Server\Client SDK\ODBC\130\Tools\Binn\;c:\Program Files\Microsoft SQL Server\140\DTS\Binn\;C:\Program Files\dotnet\;C:\Program Files\TortoiseGit\bin;C:\Program Files\Autofirma\Autofirma;C:\Users\carlos.gamuci\AppData\Local\Microsoft\WindowsApps;C:\Program Files\Java\jdk8u412-b08\bin
JRE paths:	.\jre;C:\Program Files\Java\jdk8u412-b08;C:\Program Files\Apache\apache-maven-3.9.6\bin;C:\Program Files\TortoiseSVN\bin;C:\Program Files (x86)\GnuPG\bin;C:\Program Files\Wix;C:\Windows\System32;C:\Program Files (x86)\Microsoft SQL Server\160\DTS\Binn\;C:\Program Files (x86)\Intel\Intel(R) Management Engine Components\DAL;C:\Program Files\Intel\Intel(R) Management Engine Components\DAL;C:\Program Files\Java\jre1.8.0_361\bin;c:\Program Files\Microsoft SQL Server\Client SDK\ODBC\130\Tools\Binn\;c:\Program Files\Microsoft SQL Server\140\DTS\Binn\;C:\Program Files\dotnet\;C:\Program Files\TortoiseGit\bin;C:\Program Files\Autofirma\Autofirma;C:\Users\carlos.gamuci\AppData\Local\Microsoft\WindowsApps;C:\Program Files\Java\jdk8u412-b08\bin
Check launcher:	C:\Users\carlos.gamuci\Documents\Afirma\Repositorios_GitHub\clienteafirma\afirma-simple-installer\Autofirma32\.\jre\bin\javaw.exe (not found)
Check launcher:	C:\Program Files\Java\jdk8u412-b08\bin\javaw.exe (OK)
Version string: 1.008.000_412 / 64-Bit (OK)
Heap -Xms:	Requested 512 MB / 0%, Available: 4805 MB, Heap size: 512 MB
Heap -Xmx:	Requested 1536 MB / 0%, Available: 4805 MB, Heap size: 1536 MB
Launcher:	C:\Program Files\Java\jdk8u412-b08\bin\javaw.exe
Launcher args:	-Xms512m -Xmx1536m -Xms256m -Xmx1g -Djdk.tls.maxHandshakeMessageSize=65536 -jar "C:\Users\carlos.gamuci\Documents\Afirma\Repositorios_GitHub\clienteafirma\afirma-simple-installer\Autofirma32\Autofirma.exe"
Args length:	205/32768 chars
Error msg:	Ocurrió un error mientras arrancaba la aplicación.


Version:	3.50
CmdLine:	C:\Users\carlos.gamuci\Documents\Afirma\Repositorios_GitHub\clienteafirma\afirma-simple-installer\Autofirma32\Autofirma.exe --l4j-debug
JNI:		No
WOW64:		Yes
Working dir:	C:\Users\carlos.gamuci\Documents\Afirma\Repositorios_GitHub\clienteafirma\afirma-simple-installer\Autofirma32\.
Requires JDK:	No
Requires 64-Bit: No
Java min ver:	1.008.000
Java max ver:	
Substitute:	JAVA_HOME = C:\Program Files\Java\jdk8u412-b08
Substitute:	PATH = C:\Program Files\Apache\apache-maven-3.9.6\bin;C:\Program Files\TortoiseSVN\bin;C:\Program Files (x86)\GnuPG\bin;C:\Program Files\Wix;C:\Windows\System32;C:\Program Files (x86)\Microsoft SQL Server\160\DTS\Binn\;C:\Program Files (x86)\Intel\Intel(R) Management Engine Components\DAL;C:\Program Files\Intel\Intel(R) Management Engine Components\DAL;C:\Program Files\Java\jre1.8.0_361\bin;c:\Program Files\Microsoft SQL Server\Client SDK\ODBC\130\Tools\Binn\;c:\Program Files\Microsoft SQL Server\140\DTS\Binn\;C:\Program Files\dotnet\;C:\Program Files\TortoiseGit\bin;C:\Program Files\Autofirma\Autofirma;C:\Users\carlos.gamuci\AppData\Local\Microsoft\WindowsApps;C:\Program Files\Java\jdk8u412-b08\bin
JRE paths:	.\jre;C:\Program Files\Java\jdk8u412-b08;C:\Program Files\Apache\apache-maven-3.9.6\bin;C:\Program Files\TortoiseSVN\bin;C:\Program Files (x86)\GnuPG\bin;C:\Program Files\Wix;C:\Windows\System32;C:\Program Files (x86)\Microsoft SQL Server\160\DTS\Binn\;C:\Program Files (x86)\Intel\Intel(R) Management Engine Components\DAL;C:\Program Files\Intel\Intel(R) Management Engine Components\DAL;C:\Program Files\Java\jre1.8.0_361\bin;c:\Program Files\Microsoft SQL Server\Client SDK\ODBC\130\Tools\Binn\;c:\Program Files\Microsoft SQL Server\140\DTS\Binn\;C:\Program Files\dotnet\;C:\Program Files\TortoiseGit\bin;C:\Program Files\Autofirma\Autofirma;C:\Users\carlos.gamuci\AppData\Local\Microsoft\WindowsApps;C:\Program Files\Java\jdk8u412-b08\bin
Check launcher:	C:\Users\carlos.gamuci\Documents\Afirma\Repositorios_GitHub\clienteafirma\afirma-simple-installer\Autofirma32\.\jre\bin\javaw.exe (not found)
Check launcher:	C:\Program Files\Java\jdk8u412-b08\bin\javaw.exe (OK)
Version string: 1.008.000_412 / 64-Bit (OK)
Heap -Xms:	Requested 512 MB / 0%, Available: 4795 MB, Heap size: 512 MB
Heap -Xmx:	Requested 1536 MB / 0%, Available: 4795 MB, Heap size: 1536 MB
Launcher:	C:\Program Files\Java\jdk8u412-b08\bin\javaw.exe
Launcher args:	-Xms512m -Xmx1536m -Xms256m -Xmx1g -Djdk.tls.maxHandshakeMessageSize=65536 -jar "C:\Users\carlos.gamuci\Documents\Afirma\Repositorios_GitHub\clienteafirma\afirma-simple-installer\Autofirma32\Autofirma.exe"
Args length:	205/32768 chars
Error msg:	Ocurrió un error mientras arrancaba la aplicación.


Version:	3.50
CmdLine:	C:\Users\carlos.gamuci\Documents\Afirma\Repositorios_GitHub\clienteafirma\afirma-simple-installer\Autofirma32\Autofirma.exe --l4j-debug
JNI:		No
WOW64:		Yes
Working dir:	C:\Users\carlos.gamuci\Documents\Afirma\Repositorios_GitHub\clienteafirma\afirma-simple-installer\Autofirma32\.
Requires JDK:	No
Requires 64-Bit: No
Java min ver:	1.008.000
Java max ver:	
Substitute:	JAVA_HOME = C:\Program Files\Java\jdk8u412-b08
Substitute:	PATH = C:\Program Files\Apache\apache-maven-3.9.6\bin;C:\Program Files\TortoiseSVN\bin;C:\Program Files (x86)\GnuPG\bin;C:\Program Files\Wix;C:\Windows\System32;C:\Program Files (x86)\Microsoft SQL Server\160\DTS\Binn\;C:\Program Files (x86)\Intel\Intel(R) Management Engine Components\DAL;C:\Program Files\Intel\Intel(R) Management Engine Components\DAL;C:\Program Files\Java\jdk8u412-b08\bin;c:\Program Files\Microsoft SQL Server\Client SDK\ODBC\130\Tools\Binn\;c:\Program Files\Microsoft SQL Server\140\DTS\Binn\;C:\Program Files\dotnet\;C:\Program Files\TortoiseGit\bin;C:\Program Files\Autofirma\Autofirma;C:\Users\carlos.gamuci\AppData\Local\Microsoft\WindowsApps;C:\Program Files\Java\jdk8u412-b08\bin
JRE paths:	.\jre;C:\Program Files\Java\jdk8u412-b08;C:\Program Files\Apache\apache-maven-3.9.6\bin;C:\Program Files\TortoiseSVN\bin;C:\Program Files (x86)\GnuPG\bin;C:\Program Files\Wix;C:\Windows\System32;C:\Program Files (x86)\Microsoft SQL Server\160\DTS\Binn\;C:\Program Files (x86)\Intel\Intel(R) Management Engine Components\DAL;C:\Program Files\Intel\Intel(R) Management Engine Components\DAL;C:\Program Files\Java\jdk8u412-b08\bin;c:\Program Files\Microsoft SQL Server\Client SDK\ODBC\130\Tools\Binn\;c:\Program Files\Microsoft SQL Server\140\DTS\Binn\;C:\Program Files\dotnet\;C:\Program Files\TortoiseGit\bin;C:\Program Files\Autofirma\Autofirma;C:\Users\carlos.gamuci\AppData\Local\Microsoft\WindowsApps;C:\Program Files\Java\jdk8u412-b08\bin
Check launcher:	C:\Users\carlos.gamuci\Documents\Afirma\Repositorios_GitHub\clienteafirma\afirma-simple-installer\Autofirma32\.\jre\bin\javaw.exe (not found)
Check launcher:	C:\Program Files\Java\jdk8u412-b08\bin\javaw.exe (OK)
Version string: 1.008.000_412 / 64-Bit (OK)
Heap -Xms:	Requested 512 MB / 0%, Available: 4361 MB, Heap size: 512 MB
Heap -Xmx:	Requested 1536 MB / 0%, Available: 4361 MB, Heap size: 1536 MB
Launcher:	C:\Program Files\Java\jdk8u412-b08\bin\javaw.exe
Launcher args:	-Xms512m -Xmx1536m -Xms256m -Xmx1g -Djdk.tls.maxHandshakeMessageSize=65536 -jar "C:\Users\carlos.gamuci\Documents\Afirma\Repositorios_GitHub\clienteafirma\afirma-simple-installer\Autofirma32\Autofirma.exe"
Args length:	205/32768 chars
Error msg:	Ocurrió un error mientras arrancaba la aplicación.
